<?xml version="1.0" encoding="UTF-8"?>
<!-- Generated by org.testng.reporters.JUnitReportReporter -->
<testsuite skipped="0" hostname="DESKTOP-N60QB27" name="testcases.TestNGAnnotations" tests="2" failures="0" timestamp="2022-12-03T20:56:10 IST" time="0.014" errors="0">
  <testcase name="test2" time="0.002" classname="testcases.TestNGAnnotations"/>
  <system-out/>
  <testcase name="test1" time="0.012" classname="testcases.TestNGAnnotations"/>
  <system-out/>
</testsuite> <!-- testcases.TestNGAnnotations -->
