<?xml version="1.0" encoding="UTF-8"?>
<!-- Generated by org.testng.reporters.JUnitReportReporter -->
<testsuite skipped="0" hostname="DESKTOP-N60QB27" name="testcases.Test1" tests="1" failures="0" timestamp="2022-12-03T15:43:04 IST" time="35.813" errors="0">
  <testcase name="test1" time="35.813" classname="testcases.Test1"/>
  <system-out/>
</testsuite> <!-- testcases.Test1 -->
