<?xml version="1.0" encoding="UTF-8"?>
<!-- Generated by org.testng.reporters.JUnitReportReporter -->
<testsuite skipped="0" hostname="DESKTOP-N60QB27" name="testcases.Test2" tests="1" failures="0" timestamp="2022-12-03T16:06:18 IST" time="17.225" errors="0">
  <testcase name="test1" time="17.225" classname="testcases.Test2"/>
  <system-out/>
</testsuite> <!-- testcases.Test2 -->
