<?xml version="1.0" encoding="UTF-8"?>
<!-- Generated by org.testng.reporters.JUnitReportReporter -->
<testsuite skipped="0" hostname="DESKTOP-N60QB27" name="testcases.ExpectedExceptionTest" tests="10" failures="0" timestamp="2022-12-03T20:40:16 IST" time="0.052" errors="0">
  <testcase name="createUserTest" time="0.004" classname="testcases.ExpectedExceptionTest"/>
  <system-out/>
  <testcase name="createUserTest" time="0.002" classname="testcases.ExpectedExceptionTest"/>
  <system-out/>
  <testcase name="createUserTest" time="0.004" classname="testcases.ExpectedExceptionTest"/>
  <system-out/>
  <testcase name="createUserTest" time="0.004" classname="testcases.ExpectedExceptionTest"/>
  <system-out/>
  <testcase name="createUserTest" time="0.002" classname="testcases.ExpectedExceptionTest"/>
  <system-out/>
  <testcase name="createUserTest" time="0.023" classname="testcases.ExpectedExceptionTest"/>
  <system-out/>
  <testcase name="createUserTest" time="0.003" classname="testcases.ExpectedExceptionTest"/>
  <system-out/>
  <testcase name="createUserTest" time="0.004" classname="testcases.ExpectedExceptionTest"/>
  <system-out/>
  <testcase name="createUserTest" time="0.003" classname="testcases.ExpectedExceptionTest"/>
  <system-out/>
  <testcase name="createUserTest" time="0.003" classname="testcases.ExpectedExceptionTest"/>
  <system-out/>
</testsuite> <!-- testcases.ExpectedExceptionTest -->
