<?xml version="1.0" encoding="UTF-8"?>
<!-- Generated by org.testng.reporters.JUnitReportReporter -->
<testsuite skipped="0" hostname="DESKTOP-N60QB27" name="testcases.PriorityConcept" tests="4" failures="0" timestamp="2022-12-03T20:58:05 IST" time="0.038" errors="0">
  <testcase name="dloginTest4" time="0.027" classname="testcases.PriorityConcept"/>
  <system-out/>
  <testcase name="aloginTest1" time="0.003" classname="testcases.PriorityConcept"/>
  <system-out/>
  <testcase name="bloginTest2" time="0.004" classname="testcases.PriorityConcept"/>
  <system-out/>
  <testcase name="cloginTest3" time="0.004" classname="testcases.PriorityConcept"/>
  <system-out/>
</testsuite> <!-- testcases.PriorityConcept -->
