<?xml version="1.0" encoding="UTF-8"?>
<!-- Generated by org.testng.reporters.JUnitReportReporter -->
<testsuite skipped="0" hostname="DESKTOP-N60QB27" name="testcases.Test3" tests="1" failures="0" timestamp="2022-12-03T19:37:20 IST" time="32.167" errors="0">
  <testcase name="test1" time="32.167" classname="testcases.Test3"/>
  <system-out/>
</testsuite> <!-- testcases.Test3 -->
